<?xml version="1.0" encoding="UTF-8"?>
<!-- Generated by org.testng.reporters.JUnitReportReporter -->
<testsuite hostname="LTIN646118" failures="0" tests="1" name="Testcases.Testcases" time="17.578" errors="0" timestamp="2025-08-21T14:19:32 IST" skipped="0">
  <testcase classname="Testcases.Testcases" name="testCase1" time="17.578"/>
</testsuite> <!-- Testcases.Testcases -->
